#
# A fatal error has been detected by the Java Runtime Environment:
#
#  EXCEPTION_ACCESS_VIOLATION (0xc0000005) at pc=0x00000000000007d3, pid=14160, tid=5380
#
# JRE version: Java(TM) SE Runtime Environment (23.0.1+11) (build 23.0.1+11-39)
# Java VM: Java HotSpot(TM) 64-Bit Server VM (23.0.1+11-39, mixed mode, sharing, tiered, compressed oops, compressed class ptrs, g1 gc, windows-amd64)
# Problematic frame:
# C  0x00000131add762f0
#
# No core dump will be written. Minidumps are not enabled by default on client versions of Windows
#
# If you would like to submit a bug report, please visit:
#   https://bugreport.java.com/bugreport/crash.jsp
#

---------------  S U M M A R Y ------------

Command Line: -javaagent:C:\Program Files\JetBrains\IntelliJ IDEA 2024.3.1.1\lib\idea_rt.jar=54611:C:\Program Files\JetBrains\IntelliJ IDEA 2024.3.1.1\bin -Dfile.encoding=UTF-8 -Dsun.stdout.encoding=UTF-8 -Dsun.stderr.encoding=UTF-8 Main

Host: AMD Ryzen 7 4800H with Radeon Graphics         , 16 cores, 15G,  Windows 10 , 64 bit Build 19041 (10.0.19041.5198)
Time: Sat Mar  1 13:49:59 2025 SE Asia Standard Time elapsed time: 0.144370 seconds (0d 0h 0m 0s)

---------------  T H R E A D  ---------------

Current thread (0x00000131adb8b930):  JavaThread "C1 CompilerThread1" daemon [_thread_in_native, id=5380, stack(0x0000000101700000,0x0000000101800000) (1024K)]


Current CompileTask:
C1:144  428   !   3       java.nio.DirectByteBuffer::get (34 bytes)

Stack: [0x0000000101700000,0x0000000101800000],  sp=0x00000001017fe3c8,  free space=1016k
Native frames: (J=compiled Java code, j=interpreted, Vv=VM code, C=native code)
C  0x00000000000007d3  (no source info available)


siginfo: EXCEPTION_ACCESS_VIOLATION (0xc0000005), data execution prevention violation at address 0x00000000000007d3


Registers:
RAX=0x00000131ada7e258, RBX=0x00007ffb4e93e578, RCX=0x0000000000000004, RDX=0x000000000000ffff
RSP=0x00000001017fe3c0, RBP=0x00000131add76108, RSI=0x00000131add76108, RDI=0x00000131adcc9868
R8 =0x0000000000000003, R9 =0x00000131adccac90, R10=0x0000000000000010, R11=0x0000000000000001
R12=0x000001318dc2c270, R13=0x00000001017fef60, R14=0x00000001017fe4d0, R15=0x00000131add762f0
RIP=0x00000000000007d3, EFLAGS=0x0000000000010206


Register to memory mapping:

RAX=0x00000131ada7e258 points into unknown readable memory: 0x00000131adc42518 | 18 25 c4 ad 31 01 00 00
RBX=0x00007ffb4e93e578 jvm.dll
RCX=0x0000000000000004 is an unknown value
RDX=0x000000000000ffff is an unknown value
RSP=0x00000001017fe3c0 is pointing into the stack for thread: 0x00000131adb8b930
RBP=0x00000131add76108 points into unknown readable memory: 0x00000131adcc8648 | 48 86 cc ad 31 01 00 00
RSI=0x00000131add76108 points into unknown readable memory: 0x00000131adcc8648 | 48 86 cc ad 31 01 00 00
RDI=0x00000131adcc9868 points into unknown readable memory: 0x000000100000000f | 0f 00 00 00 10 00 00 00
R8 =0x0000000000000003 is an unknown value
R9 =0x00000131adccac90 points into unknown readable memory: 0x00000131113124f9 | f9 24 31 11 31 01 00 00
R10=0x0000000000000010 is an unknown value
R11=0x0000000000000001 is an unknown value
R12=0x000001318dc2c270 points into unknown readable memory: 0x00007ffb4f1b5c90 | 90 5c 1b 4f fb 7f 00 00
R13=0x00000001017fef60 is pointing into the stack for thread: 0x00000131adb8b930
R14=0x00000001017fe4d0 is pointing into the stack for thread: 0x00000131adb8b930
R15=0x00000131add762f0 points into unknown readable memory: 0x00007ffb4f1be108 | 08 e1 1b 4f fb 7f 00 00

Top of Stack: (sp=0x00000001017fe3c0)
0x00000001017fe3c0:   00000131add762f0 00007ffb4e93e578
0x00000001017fe3d0:   00000131add76108 00000001017fe4d0
0x00000001017fe3e0:   00000001017fe4d0 00000001017fe4d0
0x00000001017fe3f0:   00007ffb4f1ac538 0000000000000000
0x00000001017fe400:   0000000000000006 0000013100000006
0x00000001017fe410:   000001319d95659b 00007ffb4f121200
0x00000001017fe420:   000001319d8b5c60 00007ffb4f1ac538
0x00000001017fe430:   0000000000000000 0000000000000006
0x00000001017fe440:   00007b9200000006 00000001017fe4d0
0x00000001017fe450:   000001318dc2c200 000001319d8b5c60
0x00000001017fe460:   00007b92d416ab31 00007b92d416ab31
0x00000001017fe470:   0000000000000007 00007ffb4e95dd72
0x00000001017fe480:   000000000000000f 00000001017fe8c8
0x00000001017fe490:   00000001017fe4d0 0000000000000038
0x00000001017fe4a0:   00000001017fe7e0 00007ffb4e940803
0x00000001017fe4b0:   00000001017fe7e0 00007ffb4f3d2ee0
0x00000001017fe4c0:   0000000000000000 00000001017fe8c8
0x00000001017fe4d0:   00000131adcc9838 00000131adcc9868
0x00000001017fe4e0:   00000001017fe7e0 00000131adce8428
0x00000001017fe4f0:   0000000000000000 0000000000000000
0x00000001017fe500:   0000000000000000 00001c4dffffffff
0x00000001017fe510:   00000131adce8530 0000000100000000
0x00000001017fe520:   0000000000000000 00000131adce8500
0x00000001017fe530:   00007b92d416ac51 000001318b864b20
0x00000001017fe540:   00000001017fe7e0 00007ffb4e9402c9
0x00000001017fe550:   0000000000000000 00000131adce8428
0x00000001017fe560:   00000131ada3ba00 0000000000000000
0x00000001017fe570:   0000000000000500 0000000000000640
0x00000001017fe580:   0000000000000000 0000000000000000
0x00000001017fe590:   00000131adad2080 00007ffb4ea7c100
0x00000001017fe5a0:   0000000000000001 00007ffb4f1b5560
0x00000001017fe5b0:   0000000000000000 0000000000000000 

Instructions: (pc=0x00000131add762f0)
0x00000131add761f0:   00 00 00 00 00 00 00 00 a0 00 00 00 00 00 00 00
0x00000131add76200:   40 5e bb ad 31 01 00 00 a8 61 d7 ad 31 01 00 00
0x00000131add76210:   0a 00 00 00 00 00 00 00 58 d6 1a 4f fb 7f 00 00
0x00000131add76220:   0b 80 00 00 00 00 00 00 2b 00 00 00 00 00 00 00
0x00000131add76230:   00 00 00 00 00 00 00 00 a2 00 00 00 00 00 00 00
0x00000131add76240:   40 5e bb ad 31 01 00 00 00 00 00 00 00 00 00 00
0x00000131add76250:   0b 80 00 00 00 00 00 00 38 61 d7 ad 31 01 00 00
0x00000131add76260:   63 b6 43 4f fb 7f 00 00 ff ff ff ff ff ff ff ff
0x00000131add76270:   ff ff ff ff ff ff ff ff ff ff ff ff ff ff ff ff
0x00000131add76280:   ff ff ff ff ff ff ff ff ff ff ff ff ff ff ff ff
0x00000131add76290:   ff ff ff ff 00 00 00 00 58 d5 1a 4f fb 7f 00 00
0x00000131add762a0:   a8 61 d7 ad 31 01 00 00 1b 00 00 00 00 00 00 00
0x00000131add762b0:   00 00 00 00 00 00 00 00 a4 00 00 00 00 00 00 00
0x00000131add762c0:   40 5e bb ad 31 01 00 00 0b 80 00 00 00 00 00 00
0x00000131add762d0:   0a 00 00 00 00 00 00 00 e0 d1 1a 4f fb 7f 00 00
0x00000131add762e0:   11 00 00 00 00 00 00 00 38 e1 1b ae 31 01 00 00
0x00000131add762f0:   08 e1 1b 4f fb 7f 00 00 dd 1e 00 00 b1 0f 00 00
0x00000131add76300:   98 b6 43 4f fb 7f 00 00 00 00 00 00 00 00 00 00
0x00000131add76310:   00 00 00 00 00 00 00 00 00 00 00 00 00 00 00 00
0x00000131add76320:   c9 0f 00 00 00 00 00 00 00 00 00 00 00 00 00 00
0x00000131add76330:   00 00 00 00 00 00 00 00 00 00 00 00 00 00 00 00
0x00000131add76340:   00 00 00 00 00 00 00 00 08 61 d7 ad 31 01 00 00
0x00000131add76350:   ff ff ff ff 00 00 00 00 d8 62 d7 ad 31 01 00 00
0x00000131add76360:   e0 d1 1a 4f fb 7f 00 00 0a 00 00 00 00 00 00 00
0x00000131add76370:   fe ff 1f 00 00 00 00 00 58 d6 1a 4f fb 7f 00 00
0x00000131add76380:   0b 80 00 00 00 00 00 00 37 00 00 00 00 00 00 00
0x00000131add76390:   00 00 00 00 00 00 00 00 a6 00 00 00 00 00 00 00
0x00000131add763a0:   40 5e bb ad 31 01 00 00 00 00 00 00 00 00 00 00
0x00000131add763b0:   0b 80 00 00 00 00 00 00 60 63 d7 ad 31 01 00 00
0x00000131add763c0:   63 00 00 00 00 00 00 00 ff ff ff ff ff ff ff ff
0x00000131add763d0:   ff ff ff ff ff ff ff ff ff ff ff ff ff ff ff ff
0x00000131add763e0:   ff ff ff ff ff ff ff ff ff ff ff ff ff ff ff ff 


Stack slot to memory mapping:

stack at sp + 0 slots: 0x00007ffb4e93e578 jvm.dll
stack at sp + 1 slots: 0x00000131add76108 points into unknown readable memory: 0x00000131adcc8648 | 48 86 cc ad 31 01 00 00
stack at sp + 2 slots: 0x00000001017fe4d0 is pointing into the stack for thread: 0x00000131adb8b930
stack at sp + 3 slots: 0x00000001017fe4d0 is pointing into the stack for thread: 0x00000131adb8b930
stack at sp + 4 slots: 0x00000001017fe4d0 is pointing into the stack for thread: 0x00000131adb8b930
stack at sp + 5 slots: 0x00007ffb4f1ac538 jvm.dll
stack at sp + 6 slots: 0x0 is null
stack at sp + 7 slots: 0x0000000000000006 is an unknown value

Lock stack of current Java thread (top to bottom):


---------------  P R O C E S S  ---------------

Threads class SMR info:
_java_thread_list=0x00000131adde58b0, length=17, elements={
0x000001318b863b90, 0x00000131ada5b920, 0x00000131ada5d800, 0x00000131ada5f580,
0x00000131ada60a20, 0x00000131ada62120, 0x00000131ada64880, 0x00000131ada6f610,
0x00000131ada7a690, 0x00000131ada62e40, 0x00000131adb8b930, 0x00000131adb924e0,
0x00000131ada627b0, 0x00000131ada634d0, 0x00000131adda51e0, 0x00000131addf6160,
0x00000131addf6820
}

Java Threads: ( => current thread )
  0x000001318b863b90 JavaThread "main"                              [_thread_in_native, id=10488, stack(0x0000000100600000,0x0000000100700000) (1024K)]
  0x00000131ada5b920 JavaThread "Reference Handler"          daemon [_thread_blocked, id=1944, stack(0x0000000100e00000,0x0000000100f00000) (1024K)]
  0x00000131ada5d800 JavaThread "Finalizer"                  daemon [_thread_blocked, id=16156, stack(0x0000000100f00000,0x0000000101000000) (1024K)]
  0x00000131ada5f580 JavaThread "Signal Dispatcher"          daemon [_thread_blocked, id=18400, stack(0x0000000101000000,0x0000000101100000) (1024K)]
  0x00000131ada60a20 JavaThread "Attach Listener"            daemon [_thread_in_Java, id=536, stack(0x0000000101100000,0x0000000101200000) (1024K)]
  0x00000131ada62120 JavaThread "Service Thread"             daemon [_thread_blocked, id=15472, stack(0x0000000101200000,0x0000000101300000) (1024K)]
  0x00000131ada64880 JavaThread "Monitor Deflation Thread"   daemon [_thread_blocked, id=18020, stack(0x0000000101300000,0x0000000101400000) (1024K)]
  0x00000131ada6f610 JavaThread "C2 CompilerThread0"         daemon [_thread_blocked, id=14596, stack(0x0000000101400000,0x0000000101500000) (1024K)]
  0x00000131ada7a690 JavaThread "C1 CompilerThread0"         daemon [_thread_blocked, id=2808, stack(0x0000000101500000,0x0000000101600000) (1024K)]
  0x00000131ada62e40 JavaThread "Common-Cleaner"             daemon [_thread_blocked, id=8684, stack(0x0000000101600000,0x0000000101700000) (1024K)]
=>0x00000131adb8b930 JavaThread "C1 CompilerThread1"         daemon [_thread_in_native, id=5380, stack(0x0000000101700000,0x0000000101800000) (1024K)]
  0x00000131adb924e0 JavaThread "C1 CompilerThread2"         daemon [_thread_blocked, id=3280, stack(0x0000000101800000,0x0000000101900000) (1024K)]
  0x00000131ada627b0 JavaThread "Monitor Ctrl-Break"         daemon [_thread_in_native, id=15084, stack(0x0000000101900000,0x0000000101a00000) (1024K)]
  0x00000131ada634d0 JavaThread "Notification Thread"        daemon [_thread_blocked, id=14508, stack(0x0000000101a00000,0x0000000101b00000) (1024K)]
  0x00000131adda51e0 JavaThread "C1 CompilerThread3"         daemon [_thread_blocked, id=10964, stack(0x0000000101b00000,0x0000000101c00000) (1024K)]
  0x00000131addf6160 JavaThread "C2 CompilerThread1"         daemon [_thread_blocked, id=15184, stack(0x0000000101c00000,0x0000000101d00000) (1024K)]
  0x00000131addf6820 JavaThread "C2 CompilerThread2"         daemon [_thread_blocked, id=13172, stack(0x0000000101d00000,0x0000000101e00000) (1024K)]
Total: 17

Other Threads:
  0x00000131ada419d0 VMThread "VM Thread"                           [id=9672, stack(0x0000000100d00000,0x0000000100e00000) (1024K)]
  0x00000131ada302a0 WatcherThread "VM Periodic Task Thread"        [id=3204, stack(0x0000000100c00000,0x0000000100d00000) (1024K)]
  0x000001318dc794c0 WorkerThread "GC Thread#0"                     [id=1552, stack(0x0000000100700000,0x0000000100800000) (1024K)]
  0x000001318dc8da40 ConcurrentGCThread "G1 Main Marker"            [id=17452, stack(0x0000000100800000,0x0000000100900000) (1024K)]
  0x000001318dc8e460 WorkerThread "G1 Conc#0"                       [id=11628, stack(0x0000000100900000,0x0000000100a00000) (1024K)]
  0x000001318dcdeab0 ConcurrentGCThread "G1 Refine#0"               [id=6336, stack(0x0000000100a00000,0x0000000100b00000) (1024K)]
  0x00000131ad900b20 ConcurrentGCThread "G1 Service"                [id=6200, stack(0x0000000100b00000,0x0000000100c00000) (1024K)]
Total: 7

Threads with active compile tasks:
C1 CompilerThread1  200  428   !   3       java.nio.DirectByteBuffer::get (34 bytes)
Total: 1

VM state: not at safepoint (normal execution)

VM Mutex/Monitor currently owned by a thread: None

Heap address: 0x0000000709400000, size: 3948 MB, Compressed Oops mode: Zero based, Oop shift amount: 3

CDS archive(s) mapped at: [0x00000131ae000000-0x00000131aed70000-0x00000131aed70000), size 14090240, SharedBaseAddress: 0x00000131ae000000, ArchiveRelocationMode: 1.
Compressed class space mapped at: 0x00000131af000000-0x00000131ef000000, reserved size: 1073741824
Narrow klass base: 0x00000131ae000000, Narrow klass shift: 0, Narrow klass range: 0x41000000

GC Precious Log:
 CardTable entry size: 512
 Card Set container configuration: InlinePtr #cards 4 size 8 Array Of Cards #cards 16 size 48 Howl #buckets 8 coarsen threshold 3686 Howl Bitmap #cards 512 size 80 coarsen threshold 460 Card regions per heap region 1 cards per card region 4096
 CPUs: 16 total, 16 available
 Memory: 15791M
 Large Page Support: Disabled
 NUMA Support: Disabled
 Compressed Oops: Enabled (Zero based)
 Heap Region Size: 2M
 Heap Min Capacity: 8M
 Heap Initial Capacity: 248M
 Heap Max Capacity: 3948M
 Pre-touch: Disabled
 Parallel Workers: 13
 Concurrent Workers: 3
 Concurrent Refinement Workers: 13
 Periodic GC: Disabled

Heap:
 garbage-first heap   total reserved 4042752K, committed 253952K, used 6144K [0x0000000709400000, 0x0000000800000000)
  region size 2048K, 4 young (8192K), 0 survivors (0K)
 Metaspace       used 2319K, committed 2496K, reserved 1114112K
  class space    used 224K, committed 320K, reserved 1048576K

Heap Regions: E=young(eden), S=young(survivor), O=old, HS=humongous(starts), HC=humongous(continues), CS=collection set, F=free, TAMS=top-at-mark-start, PB=parsable bottom
|   0|0x0000000709400000, 0x0000000709400000, 0x0000000709600000|  0%| F|  |TAMS 0x0000000709400000| PB 0x0000000709400000| Untracked |  0
|   1|0x0000000709600000, 0x0000000709600000, 0x0000000709800000|  0%| F|  |TAMS 0x0000000709600000| PB 0x0000000709600000| Untracked |  0
|   2|0x0000000709800000, 0x0000000709800000, 0x0000000709a00000|  0%| F|  |TAMS 0x0000000709800000| PB 0x0000000709800000| Untracked |  0
|   3|0x0000000709a00000, 0x0000000709a00000, 0x0000000709c00000|  0%| F|  |TAMS 0x0000000709a00000| PB 0x0000000709a00000| Untracked |  0
|   4|0x0000000709c00000, 0x0000000709c00000, 0x0000000709e00000|  0%| F|  |TAMS 0x0000000709c00000| PB 0x0000000709c00000| Untracked |  0
|   5|0x0000000709e00000, 0x0000000709e00000, 0x000000070a000000|  0%| F|  |TAMS 0x0000000709e00000| PB 0x0000000709e00000| Untracked |  0
|   6|0x000000070a000000, 0x000000070a000000, 0x000000070a200000|  0%| F|  |TAMS 0x000000070a000000| PB 0x000000070a000000| Untracked |  0
|   7|0x000000070a200000, 0x000000070a200000, 0x000000070a400000|  0%| F|  |TAMS 0x000000070a200000| PB 0x000000070a200000| Untracked |  0
|   8|0x000000070a400000, 0x000000070a400000, 0x000000070a600000|  0%| F|  |TAMS 0x000000070a400000| PB 0x000000070a400000| Untracked |  0
|   9|0x000000070a600000, 0x000000070a600000, 0x000000070a800000|  0%| F|  |TAMS 0x000000070a600000| PB 0x000000070a600000| Untracked |  0
|  10|0x000000070a800000, 0x000000070a800000, 0x000000070aa00000|  0%| F|  |TAMS 0x000000070a800000| PB 0x000000070a800000| Untracked |  0
|  11|0x000000070aa00000, 0x000000070aa00000, 0x000000070ac00000|  0%| F|  |TAMS 0x000000070aa00000| PB 0x000000070aa00000| Untracked |  0
|  12|0x000000070ac00000, 0x000000070ac00000, 0x000000070ae00000|  0%| F|  |TAMS 0x000000070ac00000| PB 0x000000070ac00000| Untracked |  0
|  13|0x000000070ae00000, 0x000000070ae00000, 0x000000070b000000|  0%| F|  |TAMS 0x000000070ae00000| PB 0x000000070ae00000| Untracked |  0
|  14|0x000000070b000000, 0x000000070b000000, 0x000000070b200000|  0%| F|  |TAMS 0x000000070b000000| PB 0x000000070b000000| Untracked |  0
|  15|0x000000070b200000, 0x000000070b200000, 0x000000070b400000|  0%| F|  |TAMS 0x000000070b200000| PB 0x000000070b200000| Untracked |  0
|  16|0x000000070b400000, 0x000000070b400000, 0x000000070b600000|  0%| F|  |TAMS 0x000000070b400000| PB 0x000000070b400000| Untracked |  0
|  17|0x000000070b600000, 0x000000070b600000, 0x000000070b800000|  0%| F|  |TAMS 0x000000070b600000| PB 0x000000070b600000| Untracked |  0
|  18|0x000000070b800000, 0x000000070b800000, 0x000000070ba00000|  0%| F|  |TAMS 0x000000070b800000| PB 0x000000070b800000| Untracked |  0
|  19|0x000000070ba00000, 0x000000070ba00000, 0x000000070bc00000|  0%| F|  |TAMS 0x000000070ba00000| PB 0x000000070ba00000| Untracked |  0
|  20|0x000000070bc00000, 0x000000070bc00000, 0x000000070be00000|  0%| F|  |TAMS 0x000000070bc00000| PB 0x000000070bc00000| Untracked |  0
|  21|0x000000070be00000, 0x000000070be00000, 0x000000070c000000|  0%| F|  |TAMS 0x000000070be00000| PB 0x000000070be00000| Untracked |  0
|  22|0x000000070c000000, 0x000000070c000000, 0x000000070c200000|  0%| F|  |TAMS 0x000000070c000000| PB 0x000000070c000000| Untracked |  0
|  23|0x000000070c200000, 0x000000070c200000, 0x000000070c400000|  0%| F|  |TAMS 0x000000070c200000| PB 0x000000070c200000| Untracked |  0
|  24|0x000000070c400000, 0x000000070c400000, 0x000000070c600000|  0%| F|  |TAMS 0x000000070c400000| PB 0x000000070c400000| Untracked |  0
|  25|0x000000070c600000, 0x000000070c600000, 0x000000070c800000|  0%| F|  |TAMS 0x000000070c600000| PB 0x000000070c600000| Untracked |  0
|  26|0x000000070c800000, 0x000000070c800000, 0x000000070ca00000|  0%| F|  |TAMS 0x000000070c800000| PB 0x000000070c800000| Untracked |  0
|  27|0x000000070ca00000, 0x000000070ca00000, 0x000000070cc00000|  0%| F|  |TAMS 0x000000070ca00000| PB 0x000000070ca00000| Untracked |  0
|  28|0x000000070cc00000, 0x000000070cc00000, 0x000000070ce00000|  0%| F|  |TAMS 0x000000070cc00000| PB 0x000000070cc00000| Untracked |  0
|  29|0x000000070ce00000, 0x000000070ce00000, 0x000000070d000000|  0%| F|  |TAMS 0x000000070ce00000| PB 0x000000070ce00000| Untracked |  0
|  30|0x000000070d000000, 0x000000070d000000, 0x000000070d200000|  0%| F|  |TAMS 0x000000070d000000| PB 0x000000070d000000| Untracked |  0
|  31|0x000000070d200000, 0x000000070d200000, 0x000000070d400000|  0%| F|  |TAMS 0x000000070d200000| PB 0x000000070d200000| Untracked |  0
|  32|0x000000070d400000, 0x000000070d400000, 0x000000070d600000|  0%| F|  |TAMS 0x000000070d400000| PB 0x000000070d400000| Untracked |  0
|  33|0x000000070d600000, 0x000000070d600000, 0x000000070d800000|  0%| F|  |TAMS 0x000000070d600000| PB 0x000000070d600000| Untracked |  0
|  34|0x000000070d800000, 0x000000070d800000, 0x000000070da00000|  0%| F|  |TAMS 0x000000070d800000| PB 0x000000070d800000| Untracked |  0
|  35|0x000000070da00000, 0x000000070da00000, 0x000000070dc00000|  0%| F|  |TAMS 0x000000070da00000| PB 0x000000070da00000| Untracked |  0
|  36|0x000000070dc00000, 0x000000070dc00000, 0x000000070de00000|  0%| F|  |TAMS 0x000000070dc00000| PB 0x000000070dc00000| Untracked |  0
|  37|0x000000070de00000, 0x000000070de00000, 0x000000070e000000|  0%| F|  |TAMS 0x000000070de00000| PB 0x000000070de00000| Untracked |  0
|  38|0x000000070e000000, 0x000000070e000000, 0x000000070e200000|  0%| F|  |TAMS 0x000000070e000000| PB 0x000000070e000000| Untracked |  0
|  39|0x000000070e200000, 0x000000070e200000, 0x000000070e400000|  0%| F|  |TAMS 0x000000070e200000| PB 0x000000070e200000| Untracked |  0
|  40|0x000000070e400000, 0x000000070e400000, 0x000000070e600000|  0%| F|  |TAMS 0x000000070e400000| PB 0x000000070e400000| Untracked |  0
|  41|0x000000070e600000, 0x000000070e600000, 0x000000070e800000|  0%| F|  |TAMS 0x000000070e600000| PB 0x000000070e600000| Untracked |  0
|  42|0x000000070e800000, 0x000000070e800000, 0x000000070ea00000|  0%| F|  |TAMS 0x000000070e800000| PB 0x000000070e800000| Untracked |  0
|  43|0x000000070ea00000, 0x000000070ea00000, 0x000000070ec00000|  0%| F|  |TAMS 0x000000070ea00000| PB 0x000000070ea00000| Untracked |  0
|  44|0x000000070ec00000, 0x000000070ec00000, 0x000000070ee00000|  0%| F|  |TAMS 0x000000070ec00000| PB 0x000000070ec00000| Untracked |  0
|  45|0x000000070ee00000, 0x000000070ee00000, 0x000000070f000000|  0%| F|  |TAMS 0x000000070ee00000| PB 0x000000070ee00000| Untracked |  0
|  46|0x000000070f000000, 0x000000070f000000, 0x000000070f200000|  0%| F|  |TAMS 0x000000070f000000| PB 0x000000070f000000| Untracked |  0
|  47|0x000000070f200000, 0x000000070f200000, 0x000000070f400000|  0%| F|  |TAMS 0x000000070f200000| PB 0x000000070f200000| Untracked |  0
|  48|0x000000070f400000, 0x000000070f400000, 0x000000070f600000|  0%| F|  |TAMS 0x000000070f400000| PB 0x000000070f400000| Untracked |  0
|  49|0x000000070f600000, 0x000000070f600000, 0x000000070f800000|  0%| F|  |TAMS 0x000000070f600000| PB 0x000000070f600000| Untracked |  0
|  50|0x000000070f800000, 0x000000070f800000, 0x000000070fa00000|  0%| F|  |TAMS 0x000000070f800000| PB 0x000000070f800000| Untracked |  0
|  51|0x000000070fa00000, 0x000000070fa00000, 0x000000070fc00000|  0%| F|  |TAMS 0x000000070fa00000| PB 0x000000070fa00000| Untracked |  0
|  52|0x000000070fc00000, 0x000000070fc00000, 0x000000070fe00000|  0%| F|  |TAMS 0x000000070fc00000| PB 0x000000070fc00000| Untracked |  0
|  53|0x000000070fe00000, 0x000000070fe00000, 0x0000000710000000|  0%| F|  |TAMS 0x000000070fe00000| PB 0x000000070fe00000| Untracked |  0
|  54|0x0000000710000000, 0x0000000710000000, 0x0000000710200000|  0%| F|  |TAMS 0x0000000710000000| PB 0x0000000710000000| Untracked |  0
|  55|0x0000000710200000, 0x0000000710200000, 0x0000000710400000|  0%| F|  |TAMS 0x0000000710200000| PB 0x0000000710200000| Untracked |  0
|  56|0x0000000710400000, 0x0000000710400000, 0x0000000710600000|  0%| F|  |TAMS 0x0000000710400000| PB 0x0000000710400000| Untracked |  0
|  57|0x0000000710600000, 0x0000000710600000, 0x0000000710800000|  0%| F|  |TAMS 0x0000000710600000| PB 0x0000000710600000| Untracked |  0
|  58|0x0000000710800000, 0x0000000710800000, 0x0000000710a00000|  0%| F|  |TAMS 0x0000000710800000| PB 0x0000000710800000| Untracked |  0
|  59|0x0000000710a00000, 0x0000000710a00000, 0x0000000710c00000|  0%| F|  |TAMS 0x0000000710a00000| PB 0x0000000710a00000| Untracked |  0
|  60|0x0000000710c00000, 0x0000000710c00000, 0x0000000710e00000|  0%| F|  |TAMS 0x0000000710c00000| PB 0x0000000710c00000| Untracked |  0
|  61|0x0000000710e00000, 0x0000000710e00000, 0x0000000711000000|  0%| F|  |TAMS 0x0000000710e00000| PB 0x0000000710e00000| Untracked |  0
|  62|0x0000000711000000, 0x0000000711000000, 0x0000000711200000|  0%| F|  |TAMS 0x0000000711000000| PB 0x0000000711000000| Untracked |  0
|  63|0x0000000711200000, 0x0000000711200000, 0x0000000711400000|  0%| F|  |TAMS 0x0000000711200000| PB 0x0000000711200000| Untracked |  0
|  64|0x0000000711400000, 0x0000000711400000, 0x0000000711600000|  0%| F|  |TAMS 0x0000000711400000| PB 0x0000000711400000| Untracked |  0
|  65|0x0000000711600000, 0x0000000711600000, 0x0000000711800000|  0%| F|  |TAMS 0x0000000711600000| PB 0x0000000711600000| Untracked |  0
|  66|0x0000000711800000, 0x0000000711800000, 0x0000000711a00000|  0%| F|  |TAMS 0x0000000711800000| PB 0x0000000711800000| Untracked |  0
|  67|0x0000000711a00000, 0x0000000711a00000, 0x0000000711c00000|  0%| F|  |TAMS 0x0000000711a00000| PB 0x0000000711a00000| Untracked |  0
|  68|0x0000000711c00000, 0x0000000711c00000, 0x0000000711e00000|  0%| F|  |TAMS 0x0000000711c00000| PB 0x0000000711c00000| Untracked |  0
|  69|0x0000000711e00000, 0x0000000711e00000, 0x0000000712000000|  0%| F|  |TAMS 0x0000000711e00000| PB 0x0000000711e00000| Untracked |  0
|  70|0x0000000712000000, 0x0000000712000000, 0x0000000712200000|  0%| F|  |TAMS 0x0000000712000000| PB 0x0000000712000000| Untracked |  0
|  71|0x0000000712200000, 0x0000000712200000, 0x0000000712400000|  0%| F|  |TAMS 0x0000000712200000| PB 0x0000000712200000| Untracked |  0
|  72|0x0000000712400000, 0x0000000712400000, 0x0000000712600000|  0%| F|  |TAMS 0x0000000712400000| PB 0x0000000712400000| Untracked |  0
|  73|0x0000000712600000, 0x0000000712600000, 0x0000000712800000|  0%| F|  |TAMS 0x0000000712600000| PB 0x0000000712600000| Untracked |  0
|  74|0x0000000712800000, 0x0000000712800000, 0x0000000712a00000|  0%| F|  |TAMS 0x0000000712800000| PB 0x0000000712800000| Untracked |  0
|  75|0x0000000712a00000, 0x0000000712a00000, 0x0000000712c00000|  0%| F|  |TAMS 0x0000000712a00000| PB 0x0000000712a00000| Untracked |  0
|  76|0x0000000712c00000, 0x0000000712c00000, 0x0000000712e00000|  0%| F|  |TAMS 0x0000000712c00000| PB 0x0000000712c00000| Untracked |  0
|  77|0x0000000712e00000, 0x0000000712e00000, 0x0000000713000000|  0%| F|  |TAMS 0x0000000712e00000| PB 0x0000000712e00000| Untracked |  0
|  78|0x0000000713000000, 0x0000000713000000, 0x0000000713200000|  0%| F|  |TAMS 0x0000000713000000| PB 0x0000000713000000| Untracked |  0
|  79|0x0000000713200000, 0x0000000713200000, 0x0000000713400000|  0%| F|  |TAMS 0x0000000713200000| PB 0x0000000713200000| Untracked |  0
|  80|0x0000000713400000, 0x0000000713400000, 0x0000000713600000|  0%| F|  |TAMS 0x0000000713400000| PB 0x0000000713400000| Untracked |  0
|  81|0x0000000713600000, 0x0000000713600000, 0x0000000713800000|  0%| F|  |TAMS 0x0000000713600000| PB 0x0000000713600000| Untracked |  0
|  82|0x0000000713800000, 0x0000000713800000, 0x0000000713a00000|  0%| F|  |TAMS 0x0000000713800000| PB 0x0000000713800000| Untracked |  0
|  83|0x0000000713a00000, 0x0000000713a00000, 0x0000000713c00000|  0%| F|  |TAMS 0x0000000713a00000| PB 0x0000000713a00000| Untracked |  0
|  84|0x0000000713c00000, 0x0000000713c00000, 0x0000000713e00000|  0%| F|  |TAMS 0x0000000713c00000| PB 0x0000000713c00000| Untracked |  0
|  85|0x0000000713e00000, 0x0000000713e00000, 0x0000000714000000|  0%| F|  |TAMS 0x0000000713e00000| PB 0x0000000713e00000| Untracked |  0
|  86|0x0000000714000000, 0x0000000714000000, 0x0000000714200000|  0%| F|  |TAMS 0x0000000714000000| PB 0x0000000714000000| Untracked |  0
|  87|0x0000000714200000, 0x0000000714200000, 0x0000000714400000|  0%| F|  |TAMS 0x0000000714200000| PB 0x0000000714200000| Untracked |  0
|  88|0x0000000714400000, 0x0000000714400000, 0x0000000714600000|  0%| F|  |TAMS 0x0000000714400000| PB 0x0000000714400000| Untracked |  0
|  89|0x0000000714600000, 0x0000000714600000, 0x0000000714800000|  0%| F|  |TAMS 0x0000000714600000| PB 0x0000000714600000| Untracked |  0
|  90|0x0000000714800000, 0x0000000714800000, 0x0000000714a00000|  0%| F|  |TAMS 0x0000000714800000| PB 0x0000000714800000| Untracked |  0
|  91|0x0000000714a00000, 0x0000000714a00000, 0x0000000714c00000|  0%| F|  |TAMS 0x0000000714a00000| PB 0x0000000714a00000| Untracked |  0
|  92|0x0000000714c00000, 0x0000000714c00000, 0x0000000714e00000|  0%| F|  |TAMS 0x0000000714c00000| PB 0x0000000714c00000| Untracked |  0
|  93|0x0000000714e00000, 0x0000000714e00000, 0x0000000715000000|  0%| F|  |TAMS 0x0000000714e00000| PB 0x0000000714e00000| Untracked |  0
|  94|0x0000000715000000, 0x0000000715000000, 0x0000000715200000|  0%| F|  |TAMS 0x0000000715000000| PB 0x0000000715000000| Untracked |  0
|  95|0x0000000715200000, 0x0000000715200000, 0x0000000715400000|  0%| F|  |TAMS 0x0000000715200000| PB 0x0000000715200000| Untracked |  0
|  96|0x0000000715400000, 0x0000000715400000, 0x0000000715600000|  0%| F|  |TAMS 0x0000000715400000| PB 0x0000000715400000| Untracked |  0
|  97|0x0000000715600000, 0x0000000715600000, 0x0000000715800000|  0%| F|  |TAMS 0x0000000715600000| PB 0x0000000715600000| Untracked |  0
|  98|0x0000000715800000, 0x0000000715800000, 0x0000000715a00000|  0%| F|  |TAMS 0x0000000715800000| PB 0x0000000715800000| Untracked |  0
|  99|0x0000000715a00000, 0x0000000715a00000, 0x0000000715c00000|  0%| F|  |TAMS 0x0000000715a00000| PB 0x0000000715a00000| Untracked |  0
| 100|0x0000000715c00000, 0x0000000715c00000, 0x0000000715e00000|  0%| F|  |TAMS 0x0000000715c00000| PB 0x0000000715c00000| Untracked |  0
| 101|0x0000000715e00000, 0x0000000715e00000, 0x0000000716000000|  0%| F|  |TAMS 0x0000000715e00000| PB 0x0000000715e00000| Untracked |  0
| 102|0x0000000716000000, 0x0000000716000000, 0x0000000716200000|  0%| F|  |TAMS 0x0000000716000000| PB 0x0000000716000000| Untracked |  0
| 103|0x0000000716200000, 0x0000000716200000, 0x0000000716400000|  0%| F|  |TAMS 0x0000000716200000| PB 0x0000000716200000| Untracked |  0
| 104|0x0000000716400000, 0x0000000716400000, 0x0000000716600000|  0%| F|  |TAMS 0x0000000716400000| PB 0x0000000716400000| Untracked |  0
| 105|0x0000000716600000, 0x0000000716600000, 0x0000000716800000|  0%| F|  |TAMS 0x0000000716600000| PB 0x0000000716600000| Untracked |  0
| 106|0x0000000716800000, 0x0000000716800000, 0x0000000716a00000|  0%| F|  |TAMS 0x0000000716800000| PB 0x0000000716800000| Untracked |  0
| 107|0x0000000716a00000, 0x0000000716a00000, 0x0000000716c00000|  0%| F|  |TAMS 0x0000000716a00000| PB 0x0000000716a00000| Untracked |  0
| 108|0x0000000716c00000, 0x0000000716c00000, 0x0000000716e00000|  0%| F|  |TAMS 0x0000000716c00000| PB 0x0000000716c00000| Untracked |  0
| 109|0x0000000716e00000, 0x0000000716e00000, 0x0000000717000000|  0%| F|  |TAMS 0x0000000716e00000| PB 0x0000000716e00000| Untracked |  0
| 110|0x0000000717000000, 0x0000000717000000, 0x0000000717200000|  0%| F|  |TAMS 0x0000000717000000| PB 0x0000000717000000| Untracked |  0
| 111|0x0000000717200000, 0x0000000717200000, 0x0000000717400000|  0%| F|  |TAMS 0x0000000717200000| PB 0x0000000717200000| Untracked |  0
| 112|0x0000000717400000, 0x0000000717400000, 0x0000000717600000|  0%| F|  |TAMS 0x0000000717400000| PB 0x0000000717400000| Untracked |  0
| 113|0x0000000717600000, 0x0000000717600000, 0x0000000717800000|  0%| F|  |TAMS 0x0000000717600000| PB 0x0000000717600000| Untracked |  0
| 114|0x0000000717800000, 0x0000000717800000, 0x0000000717a00000|  0%| F|  |TAMS 0x0000000717800000| PB 0x0000000717800000| Untracked |  0
| 115|0x0000000717a00000, 0x0000000717a00000, 0x0000000717c00000|  0%| F|  |TAMS 0x0000000717a00000| PB 0x0000000717a00000| Untracked |  0
| 116|0x0000000717c00000, 0x0000000717c00000, 0x0000000717e00000|  0%| F|  |TAMS 0x0000000717c00000| PB 0x0000000717c00000| Untracked |  0
| 117|0x0000000717e00000, 0x0000000717e00000, 0x0000000718000000|  0%| F|  |TAMS 0x0000000717e00000| PB 0x0000000717e00000| Untracked |  0
| 118|0x0000000718000000, 0x0000000718000000, 0x0000000718200000|  0%| F|  |TAMS 0x0000000718000000| PB 0x0000000718000000| Untracked |  0
| 119|0x0000000718200000, 0x0000000718200000, 0x0000000718400000|  0%| F|  |TAMS 0x0000000718200000| PB 0x0000000718200000| Untracked |  0
| 120|0x0000000718400000, 0x00000007184f5c58, 0x0000000718600000| 48%| E|  |TAMS 0x0000000718400000| PB 0x0000000718400000| Complete |  0
| 121|0x0000000718600000, 0x0000000718800000, 0x0000000718800000|100%| E|CS|TAMS 0x0000000718600000| PB 0x0000000718600000| Complete |  0
| 122|0x0000000718800000, 0x0000000718a00000, 0x0000000718a00000|100%| E|CS|TAMS 0x0000000718800000| PB 0x0000000718800000| Complete |  0
| 123|0x0000000718a00000, 0x0000000718c00000, 0x0000000718c00000|100%| E|CS|TAMS 0x0000000718a00000| PB 0x0000000718a00000| Complete |  0

Card table byte_map: [0x00000131a64a0000,0x00000131a6c60000] _byte_map_base: 0x00000131a2c56000

Marking Bits: (CMBitMap*) 0x000001318dc79ae0
 Bits: [0x00000131a6c60000, 0x00000131aaa10000)

Polling page: 0x000001318b800000

Metaspace:

Usage:
  Non-class:      2.17 MB used.
      Class:    237.59 KB used.
       Both:      2.40 MB used.

Virtual space:
  Non-class space:       64.00 MB reserved,       2.25 MB (  4%) committed,  1 nodes.
      Class space:        1.00 GB reserved,     320.00 KB ( <1%) committed,  1 nodes.
             Both:        1.06 GB reserved,       2.56 MB ( <1%) committed. 

Chunk freelists:
   Non-Class:  11.87 MB
       Class:  15.72 MB
        Both:  27.58 MB

MaxMetaspaceSize: unlimited
CompressedClassSpaceSize: 1.00 GB
Initial GC threshold: 21.00 MB
Current GC threshold: 21.00 MB
CDS: on
 - commit_granule_bytes: 65536.
 - commit_granule_words: 8192.
 - virtual_space_node_default_size: 8388608.
 - enlarge_chunks_in_place: 1.
 - use_allocation_guard: 0.


Internal statistics:

num_allocs_failed_limit: 0.
num_arena_births: 30.
num_arena_deaths: 0.
num_vsnodes_births: 2.
num_vsnodes_deaths: 0.
num_space_committed: 42.
num_space_uncommitted: 0.
num_chunks_returned_to_freelist: 0.
num_chunks_taken_from_freelist: 41.
num_chunk_merges: 0.
num_chunk_splits: 26.
num_chunks_enlarged: 16.
num_inconsistent_stats: 0.

CodeHeap 'non-profiled nmethods': size=119232Kb used=143Kb max_used=143Kb free=119089Kb
 bounds [0x000001319dee0000, 0x000001319e150000, 0x00000131a5350000]
CodeHeap 'profiled nmethods': size=119104Kb used=472Kb max_used=472Kb free=118631Kb
 bounds [0x0000013196350000, 0x00000131965c0000, 0x000001319d7a0000]
CodeHeap 'non-nmethods': size=7424Kb used=3063Kb max_used=3063Kb free=4360Kb
 bounds [0x000001319d7a0000, 0x000001319daa0000, 0x000001319dee0000]
CodeCache: size=245760Kb, used=3678Kb, max_used=3678Kb, free=242080Kb
 total_blobs=969, nmethods=488, adapters=383, full_count=0
Compilation: enabled, stopped_count=0, restarted_count=0

Compilation events (20 events):
Event: 0.139 Thread 0x00000131adda51e0 nmethod 426 0x00000131963b3b08 code [0x00000131963b3c40, 0x00000131963b3ef8]
Event: 0.139 Thread 0x00000131adb924e0 nmethod 429 0x00000131963b3f08 code [0x00000131963b4020, 0x00000131963b4138]
Event: 0.139 Thread 0x00000131ada7a690  430   !   3       jdk.internal.misc.ScopedMemoryAccess::getByte (16 bytes)
Event: 0.139 Thread 0x00000131adda51e0  431   !   3       jdk.internal.misc.ScopedMemoryAccess::getByteInternal (34 bytes)
Event: 0.139 Thread 0x00000131adda51e0 nmethod 431 0x00000131963b4208 code [0x00000131963b4340, 0x00000131963b45a0]
Event: 0.139 Thread 0x00000131ada7a690 nmethod 430 0x00000131963b4608 code [0x00000131963b4760, 0x00000131963b4b40]
Event: 0.140 Thread 0x00000131ada7a690  433       1       java.nio.Buffer::limit (5 bytes)
Event: 0.140 Thread 0x00000131ada7a690 nmethod 433 0x000001319defd888 code [0x000001319defd9a0, 0x000001319defda68]
Event: 0.140 Thread 0x00000131ada6f610 nmethod 407 0x000001319defdb88 code [0x000001319defdc80, 0x000001319defded8]
Event: 0.140 Thread 0x00000131ada6f610  432       4       java.lang.ref.Reference::reachabilityFence (1 bytes)
Event: 0.140 Thread 0x00000131ada7a690  434       3       jdk.internal.jimage.ImageStringsReader::unmaskedHashCode (166 bytes)
Event: 0.140 Thread 0x00000131ada6f610 nmethod 432 0x000001319defdf08 code [0x000001319defe000, 0x000001319defe068]
Event: 0.140 Thread 0x00000131ada6f610  415       4       java.util.concurrent.locks.ReentrantLock$Sync::tryRelease (51 bytes)
Event: 0.140 Thread 0x00000131ada7a690 nmethod 434 0x00000131963b4b88 code [0x00000131963b4d40, 0x00000131963b5810]
Event: 0.140 Thread 0x00000131addf6820 nmethod 417 0x000001319defe208 code [0x000001319defe320, 0x000001319defe5f8]
Event: 0.141 Thread 0x00000131addf6820  416       4       java.util.concurrent.locks.AbstractQueuedSynchronizer::signalNext (34 bytes)
Event: 0.141 Thread 0x00000131addf6160 nmethod 409 0x000001319defe688 code [0x000001319defe7a0, 0x000001319defe9f0]
Event: 0.141 Thread 0x00000131ada6f610 nmethod 415 0x000001319defea88 code [0x000001319defeb80, 0x000001319defeca0]
Event: 0.141 Thread 0x00000131addf6820 nmethod 416 0x000001319defed88 code [0x000001319defee80, 0x000001319defef00]
Event: 0.141 Thread 0x00000131ada7a690  436       3       java.lang.invoke.MemberName::getMethodOrFieldType (72 bytes)

GC Heap History (0 events):
No events

Dll operation events (10 events):
Event: 0.009 Loaded shared library C:\Program Files\Java\jdk-23\bin\java.dll
Event: 0.037 Loaded shared library C:\Program Files\Java\jdk-23\bin\jsvml.dll
Event: 0.069 Loaded shared library C:\Program Files\Java\jdk-23\bin\zip.dll
Event: 0.072 Loaded shared library C:\Program Files\Java\jdk-23\bin\instrument.dll
Event: 0.076 Loaded shared library C:\Program Files\Java\jdk-23\bin\net.dll
Event: 0.077 Loaded shared library C:\Program Files\Java\jdk-23\bin\nio.dll
Event: 0.079 Loaded shared library C:\Program Files\Java\jdk-23\bin\zip.dll
Event: 0.091 Loaded shared library C:\Program Files\JetBrains\IntelliJ IDEA 2024.3.1.1\bin\breakgen64.dll
Event: 0.101 Loaded shared library C:\Program Files\Java\jdk-23\bin\extnet.dll
Event: 0.105 Loaded shared library C:\Program Files\Java\jdk-23\bin\jimage.dll

Deoptimization events (8 events):
Event: 0.093 Thread 0x000001318b863b90 Uncommon trap: trap_request=0xffffff45 fr.pc=0x000001319def23d4 relative=0x00000000000000b4
Event: 0.093 Thread 0x000001318b863b90 Uncommon trap: reason=unstable_if action=reinterpret pc=0x000001319def23d4 method=java.lang.String.isLatin1()Z @ 10 c2
Event: 0.093 Thread 0x000001318b863b90 DEOPT PACKING pc=0x000001319def23d4 sp=0x00000001006fef10
Event: 0.094 Thread 0x000001318b863b90 DEOPT UNPACKING pc=0x000001319d7f4402 sp=0x00000001006fee50 mode 2
Event: 0.133 Thread 0x00000131ada60a20 Uncommon trap: trap_request=0xffffff45 fr.pc=0x000001319def8d14 relative=0x0000000000000134
Event: 0.133 Thread 0x00000131ada60a20 Uncommon trap: reason=unstable_if action=reinterpret pc=0x000001319def8d14 method=java.util.regex.Pattern$BmpCharPropertyGreedy.match(Ljava/util/regex/Matcher;ILjava/lang/CharSequence;)Z @ 12 c2
Event: 0.133 Thread 0x00000131ada60a20 DEOPT PACKING pc=0x000001319def8d14 sp=0x00000001011fe7b0
Event: 0.133 Thread 0x00000131ada60a20 DEOPT UNPACKING pc=0x000001319d7f4402 sp=0x00000001011fe748 mode 2

Classes loaded (20 events):
Event: 0.133 Loading class sun/util/resources/cldr/TimeZoneNames done
Event: 0.134 Loading class sun/util/resources/cldr/TimeZoneNames_en
Event: 0.134 Loading class sun/util/resources/cldr/TimeZoneNames_en done
Event: 0.134 Loading class sun/util/resources/cldr/TimeZoneNames_en_US
Event: 0.134 Loading class sun/util/resources/cldr/TimeZoneNames_en_US done
Event: 0.135 Loading class java/util/LinkedHashMap$LinkedKeySet
Event: 0.135 Loading class java/util/LinkedHashMap$LinkedKeySet done
Event: 0.135 Loading class java/time/zone/ZoneRulesProvider
Event: 0.135 Loading class java/time/zone/ZoneRulesProvider done
Event: 0.135 Loading class java/time/zone/ZoneRulesProvider$1
Event: 0.135 Loading class java/time/zone/ZoneRulesProvider$1 done
Event: 0.135 Loading class java/time/zone/TzdbZoneRulesProvider
Event: 0.135 Loading class java/time/zone/TzdbZoneRulesProvider done
Event: 0.137 Loading class java/util/Arrays$ArrayItr
Event: 0.137 Loading class java/util/Arrays$ArrayItr done
Event: 0.140 Loading class java/time/zone/Ser
Event: 0.140 Loading class java/io/Externalizable
Event: 0.140 Loading class java/io/Externalizable done
Event: 0.140 Loading class java/time/zone/Ser done
Event: 0.141 Loading class java/time/zone/ZoneOffsetTransition

Classes unloaded (0 events):
No events

Classes redefined (0 events):
No events

Internal exceptions (2 events):
Event: 0.088 Thread 0x000001318b863b90 Exception <a 'java/lang/NoSuchMethodError'{0x00000007188de360}: 'java.lang.Object java.lang.invoke.Invokers$Holder.invokeExact_MT(java.lang.Object, java.lang.Object, java.lang.Object, java.lang.Object, java.lang.Object)'> (0x00000007188de360) 
thrown [s\open\src\hotspot\share\interpreter\linkResolver.cpp, line 796]
Event: 0.103 Thread 0x00000131ada627b0 Exception <a 'java/lang/NoSuchMethodError'{0x000000071897a020}: 'void java.lang.invoke.DirectMethodHandle$Holder.invokeStatic(java.lang.Object, java.lang.Object)'> (0x000000071897a020) 
thrown [s\open\src\hotspot\share\interpreter\linkResolver.cpp, line 796]

VM Operations (4 events):
Event: 0.058 Executing VM operation: HandshakeAllThreads (Deoptimize)
Event: 0.058 Executing VM operation: HandshakeAllThreads (Deoptimize) done
Event: 0.121 Executing VM operation: HandshakeAllThreads (Deoptimize)
Event: 0.121 Executing VM operation: HandshakeAllThreads (Deoptimize) done

Memory protections (0 events):
No events

Nmethod flushes (0 events):
No events

Events (17 events):
Event: 0.026 Thread 0x000001318b863b90 Thread added: 0x000001318b863b90
Event: 0.035 Thread 0x000001318b863b90 Thread added: 0x00000131ada5b920
Event: 0.035 Thread 0x000001318b863b90 Thread added: 0x00000131ada5d800
Event: 0.036 Thread 0x000001318b863b90 Thread added: 0x00000131ada5f580
Event: 0.036 Thread 0x000001318b863b90 Thread added: 0x00000131ada60a20
Event: 0.036 Thread 0x000001318b863b90 Thread added: 0x00000131ada62120
Event: 0.036 Thread 0x000001318b863b90 Thread added: 0x00000131ada64880
Event: 0.036 Thread 0x000001318b863b90 Thread added: 0x00000131ada6f610
Event: 0.036 Thread 0x000001318b863b90 Thread added: 0x00000131ada7a690
Event: 0.053 Thread 0x000001318b863b90 Thread added: 0x00000131ada62e40
Event: 0.058 Thread 0x00000131ada7a690 Thread added: 0x00000131adb8b930
Event: 0.059 Thread 0x00000131ada7a690 Thread added: 0x00000131adb924e0
Event: 0.093 Thread 0x000001318b863b90 Thread added: 0x00000131ada627b0
Event: 0.093 Thread 0x000001318b863b90 Thread added: 0x00000131ada634d0
Event: 0.126 Thread 0x00000131ada7a690 Thread added: 0x00000131adda51e0
Event: 0.137 Thread 0x00000131adb8b930 Thread added: 0x00000131addf6160
Event: 0.137 Thread 0x00000131adb8b930 Thread added: 0x00000131addf6820


Dynamic libraries:
0x00007ff64b2f0000 - 0x00007ff64b300000 	C:\Program Files\Java\jdk-23\bin\java.exe
0x00007ffba5cf0000 - 0x00007ffba5ee8000 	C:\Windows\SYSTEM32\ntdll.dll
0x00007ffba4030000 - 0x00007ffba40f2000 	C:\Windows\System32\KERNEL32.DLL
0x00007ffba3750000 - 0x00007ffba3a4f000 	C:\Windows\System32\KERNELBASE.dll
0x00007ffba3430000 - 0x00007ffba3530000 	C:\Windows\System32\ucrtbase.dll
0x00007ffb9e4f0000 - 0x00007ffb9e50b000 	C:\Program Files\Java\jdk-23\bin\VCRUNTIME140.dll
0x00007ffb9e4d0000 - 0x00007ffb9e4e7000 	C:\Program Files\Java\jdk-23\bin\jli.dll
0x00007ffba5040000 - 0x00007ffba51dd000 	C:\Windows\System32\USER32.dll
0x00007ffba3b10000 - 0x00007ffba3b32000 	C:\Windows\System32\win32u.dll
0x00007ffb8ff50000 - 0x00007ffb901ea000 	C:\Windows\WinSxS\amd64_microsoft.windows.common-controls_6595b64144ccf1df_6.0.19041.4355_none_60b8b9eb71f62e16\COMCTL32.dll
0x00007ffba3f50000 - 0x00007ffba3f7b000 	C:\Windows\System32\GDI32.dll
0x00007ffba4920000 - 0x00007ffba49be000 	C:\Windows\System32\msvcrt.dll
0x00007ffba3b40000 - 0x00007ffba3c57000 	C:\Windows\System32\gdi32full.dll
0x00007ffba3c60000 - 0x00007ffba3cfd000 	C:\Windows\System32\msvcp_win.dll
0x00007ffba53b0000 - 0x00007ffba53df000 	C:\Windows\System32\IMM32.DLL
0x00007ffb9e4c0000 - 0x00007ffb9e4cc000 	C:\Program Files\Java\jdk-23\bin\vcruntime140_1.dll
0x00007ffb9e430000 - 0x00007ffb9e4be000 	C:\Program Files\Java\jdk-23\bin\msvcp140.dll
0x00007ffb4e7f0000 - 0x00007ffb4f53f000 	C:\Program Files\Java\jdk-23\bin\server\jvm.dll
0x00007ffba53e0000 - 0x00007ffba5491000 	C:\Windows\System32\ADVAPI32.dll
0x00007ffba3eb0000 - 0x00007ffba3f4f000 	C:\Windows\System32\sechost.dll
0x00007ffba5980000 - 0x00007ffba5aa3000 	C:\Windows\System32\RPCRT4.dll
0x00007ffba3720000 - 0x00007ffba3747000 	C:\Windows\System32\bcrypt.dll
0x00007ffba4fd0000 - 0x00007ffba503b000 	C:\Windows\System32\WS2_32.dll
0x00007ffba31e0000 - 0x00007ffba322b000 	C:\Windows\SYSTEM32\POWRPROF.dll
0x00007ffba12e0000 - 0x00007ffba12ea000 	C:\Windows\SYSTEM32\VERSION.dll
0x00007ffb998b0000 - 0x00007ffb998d7000 	C:\Windows\SYSTEM32\WINMM.dll
0x00007ffba31c0000 - 0x00007ffba31d2000 	C:\Windows\SYSTEM32\UMPDC.dll
0x00007ffba1ba0000 - 0x00007ffba1bb2000 	C:\Windows\SYSTEM32\kernel.appcore.dll
0x00007ffb9e420000 - 0x00007ffb9e42a000 	C:\Program Files\Java\jdk-23\bin\jimage.dll
0x00007ffba0770000 - 0x00007ffba0954000 	C:\Windows\SYSTEM32\DBGHELP.DLL
0x00007ffb998e0000 - 0x00007ffb99914000 	C:\Windows\SYSTEM32\dbgcore.DLL
0x00007ffba3690000 - 0x00007ffba3712000 	C:\Windows\System32\bcryptPrimitives.dll
0x00007ffb9e3f0000 - 0x00007ffb9e3ff000 	C:\Program Files\Java\jdk-23\bin\instrument.dll
0x00007ffb9e400000 - 0x00007ffb9e41e000 	C:\Program Files\Java\jdk-23\bin\java.dll
0x00007ffba5ab0000 - 0x00007ffba5bdb000 	C:\Windows\System32\ole32.dll
0x00007ffba49c0000 - 0x00007ffba4d15000 	C:\Windows\System32\combase.dll
0x00007ffba4100000 - 0x00007ffba486e000 	C:\Windows\System32\SHELL32.dll
0x00007ffba13e0000 - 0x00007ffba1b84000 	C:\Windows\SYSTEM32\windows.storage.dll
0x00007ffba2ce0000 - 0x00007ffba2d0f000 	C:\Windows\SYSTEM32\Wldp.dll
0x00007ffba3de0000 - 0x00007ffba3ead000 	C:\Windows\System32\OLEAUT32.dll
0x00007ffba4870000 - 0x00007ffba491d000 	C:\Windows\System32\SHCORE.dll
0x00007ffba3d80000 - 0x00007ffba3dd5000 	C:\Windows\System32\shlwapi.dll
0x00007ffba32b0000 - 0x00007ffba32d4000 	C:\Windows\SYSTEM32\profapi.dll
0x00007ffb953f0000 - 0x00007ffb954c7000 	C:\Program Files\Java\jdk-23\bin\jsvml.dll
0x00007ffb99e50000 - 0x00007ffb99e67000 	C:\Program Files\Java\jdk-23\bin\zip.dll
0x00007ffb9c310000 - 0x00007ffb9c320000 	C:\Program Files\Java\jdk-23\bin\net.dll
0x00007ffba2a40000 - 0x00007ffba2aaa000 	C:\Windows\system32\mswsock.dll
0x00007ffb9c2f0000 - 0x00007ffb9c306000 	C:\Program Files\Java\jdk-23\bin\nio.dll
0x00007ffb953b0000 - 0x00007ffb953ca000 	C:\Program Files\JetBrains\IntelliJ IDEA 2024.3.1.1\bin\breakgen64.dll
0x00007ffb9b8f0000 - 0x00007ffb9b8f9000 	C:\Program Files\Java\jdk-23\bin\extnet.dll
0x00007ffba2760000 - 0x00007ffba282a000 	C:\Windows\SYSTEM32\DNSAPI.dll
0x00007ffba2720000 - 0x00007ffba275b000 	C:\Windows\SYSTEM32\IPHLPAPI.DLL
0x00007ffba4d20000 - 0x00007ffba4d28000 	C:\Windows\System32\NSI.dll
0x00007ffb9e3d0000 - 0x00007ffb9e3da000 	C:\Windows\System32\rasadhlp.dll
0x00007ffb9c220000 - 0x00007ffb9c2a0000 	C:\Windows\System32\fwpuclnt.dll
0x00007ffb9ae70000 - 0x00007ffb9ae7a000 	C:\Program Files\Java\jdk-23\bin\management.dll
0x00007ffb953a0000 - 0x00007ffb953ab000 	C:\Program Files\Java\jdk-23\bin\management_ext.dll
0x00007ffba5be0000 - 0x00007ffba5be8000 	C:\Windows\System32\PSAPI.DLL

dbghelp: loaded successfully - version: 4.0.5 - missing functions: none
symbol engine: initialized successfully - sym options: 0x614 - pdb path: .;C:\Program Files\Java\jdk-23\bin;C:\Windows\SYSTEM32;C:\Windows\WinSxS\amd64_microsoft.windows.common-controls_6595b64144ccf1df_6.0.19041.4355_none_60b8b9eb71f62e16;C:\Program Files\Java\jdk-23\bin\server;C:\Program Files\JetBrains\IntelliJ IDEA 2024.3.1.1\bin

VM Arguments:
jvm_args: -javaagent:C:\Program Files\JetBrains\IntelliJ IDEA 2024.3.1.1\lib\idea_rt.jar=54611:C:\Program Files\JetBrains\IntelliJ IDEA 2024.3.1.1\bin -Dfile.encoding=UTF-8 -Dsun.stdout.encoding=UTF-8 -Dsun.stderr.encoding=UTF-8 
java_command: Main
java_class_path (initial): E:\KSHRD\JAVA_HOMEWORK\13_NOEV_CHANMAKARA_PP_JAVA_HOMEWORK_003\Java_Homework_003\out\production\Java_Homework_003;D:\Lombok\text-table-formatter-1.2.4.jar
Launcher Type: SUN_STANDARD

[Global flags]
     intx CICompilerCount                          = 12                                        {product} {ergonomic}
     uint ConcGCThreads                            = 3                                         {product} {ergonomic}
     uint G1ConcRefinementThreads                  = 13                                        {product} {ergonomic}
   size_t G1HeapRegionSize                         = 2097152                                   {product} {ergonomic}
   size_t InitialHeapSize                          = 260046848                                 {product} {ergonomic}
   size_t MarkStackSize                            = 4194304                                   {product} {ergonomic}
   size_t MarkStackSizeMax                         = 536870912                                 {product} {ergonomic}
   size_t MaxHeapSize                              = 4139778048                                {product} {ergonomic}
   size_t MaxNewSize                               = 2483027968                                {product} {ergonomic}
   size_t MinHeapDeltaBytes                        = 2097152                                   {product} {ergonomic}
   size_t MinHeapSize                              = 8388608                                   {product} {ergonomic}
    uintx NonNMethodCodeHeapSize                   = 7602176                                {pd product} {ergonomic}
    uintx NonProfiledCodeHeapSize                  = 122093568                              {pd product} {ergonomic}
    uintx ProfiledCodeHeapSize                     = 121962496                              {pd product} {ergonomic}
    uintx ReservedCodeCacheSize                    = 251658240                              {pd product} {ergonomic}
     bool SegmentedCodeCache                       = true                                      {product} {ergonomic}
   size_t SoftMaxHeapSize                          = 4139778048                             {manageable} {ergonomic}
     bool UseCompressedOops                        = true                           {product lp64_product} {ergonomic}
     bool UseG1GC                                  = true                                      {product} {ergonomic}
     bool UseLargePagesIndividualAllocation        = false                                  {pd product} {ergonomic}

Logging:
Log output configuration:
 #0: stdout all=warning uptime,level,tags foldmultilines=false
 #1: stderr all=off uptime,level,tags foldmultilines=false

Environment Variables:
PATH=C:\Program Files\Common Files\Oracle\Java\javapath;C:\Program Files (x86)\Common Files\Intel\Shared Libraries\redist\intel64\compiler;C:\Windows\system32;C:\Windows;C:\Windows\System32\Wbem;C:\Windows\System32\WindowsPowerShell\v1.0\;C:\Windows\System32\OpenSSH\;C:\Program Files\dotnet\;C:\Program Files\NVIDIA Corporation\NVIDIA app\NvDLISR;C:\Program Files (x86)\NVIDIA Corporation\PhysX\Common;C:\Program Files\Git\cmd;C:\Program Files\nodejs\;C:\Users\ADMIN\AppData\Local\Microsoft\WindowsApps;C:\Users\ADMIN\AppData\Local\Programs\Microsoft VS Code\bin;C:\Program Files\Java\jdk-23\bin;;C:\Program Files\JetBrains\IntelliJ IDEA 2024.3.1.1\bin;;C:\Users\ADMIN\AppData\Roaming\npm;C:\Program Files\JetBrains\DataGrip 2024.3.4\bin;
USERNAME=ADMIN
OS=Windows_NT
PROCESSOR_IDENTIFIER=AMD64 Family 23 Model 96 Stepping 1, AuthenticAMD
TMP=C:\Users\ADMIN\AppData\Local\Temp
TEMP=C:\Users\ADMIN\AppData\Local\Temp




Periodic native trim disabled

---------------  S Y S T E M  ---------------

OS:
 Windows 10 , 64 bit Build 19041 (10.0.19041.5198)
OS uptime: 0 days 1:01 hours

CPU: total 16 (initial active 16) (16 cores per cpu, 2 threads per core) family 23 model 96 stepping 1 microcode 0x0, cx8, cmov, fxsr, ht, mmx, 3dnowpref, sse, sse2, sse3, ssse3, sse4a, sse4.1, sse4.2, popcnt, lzcnt, tsc, tscinvbit, avx, avx2, aes, clmul, bmi1, bmi2, adx, sha, fma, vzeroupper, clflush, clflushopt, rdtscp, rdpid, f16c
Processor Information for the first 16 processors :
  Max Mhz: 2901, Current Mhz: 2901, Mhz Limit: 2901

Memory: 4k page, system-wide physical 15791M (7846M free)
TotalPageFile size 18607M (AvailPageFile size 4661M)
current process WorkingSet (physical memory assigned to process): 48M, peak: 48M
current process commit charge ("private bytes"): 349M, peak: 349M

vm_info: Java HotSpot(TM) 64-Bit Server VM (23.0.1+11-39) for windows-amd64 JRE (23.0.1+11-39), built on 2024-09-30T07:20:43Z with MS VC++ 17.6 (VS2022)

END.
